TN:
SF:/Users/Ernesto_S/Desktop/PROJECTS/deliverytracker-master/src/server/_clearModuleCache.js
FN:7,(anonymous_1)
FNF:1
FNH:1
FNDA:3387,(anonymous_1)
DA:3,1
DA:5,1
DA:7,3387
LF:3
LH:3
BRF:0
BRH:0
end_of_record
TN:
SF:/Users/Ernesto_S/Desktop/PROJECTS/deliverytracker-master/src/server/globalErrorHandler.js
FN:7,(anonymous_1)
FN:16,(anonymous_2)
FN:24,(anonymous_3)
FNF:3
FNH:3
FNDA:4,(anonymous_1)
FNDA:2,(anonymous_2)
FNDA:3,(anonymous_3)
DA:3,3
DA:8,4
DA:10,4
DA:11,1
DA:12,1
DA:18,2
DA:19,1
DA:20,1
DA:26,3
DA:27,2
DA:28,2
DA:29,2
DA:30,2
DA:31,2
DA:32,2
DA:37,3
LF:16
LH:16
BRDA:10,1,0,1
BRDA:10,1,1,3
BRDA:27,2,0,1
BRDA:27,2,1,1
BRF:4
BRH:4
end_of_record
TN:
SF:/Users/Ernesto_S/Desktop/PROJECTS/deliverytracker-master/src/server/logger.js
FNF:0
FNH:0
DA:3,4
DA:11,2
DA:12,2
DA:15,4
DA:17,4
DA:19,4
DA:20,2
DA:23,4
LF:8
LH:8
BRDA:19,1,0,2
BRDA:19,1,1,2
BRF:2
BRH:2
end_of_record
TN:
SF:/Users/Ernesto_S/Desktop/PROJECTS/deliverytracker-master/src/server/router.js
FN:32,(anonymous_1)
FNF:1
FNH:1
FNDA:1,(anonymous_1)
DA:3,1
DA:17,2
DA:18,1
DA:20,1
DA:22,1
DA:24,1
DA:27,1
DA:34,1
DA:35,1
DA:36,1
DA:39,1
DA:40,1
DA:42,1
DA:43,1
DA:46,1
DA:50,1
DA:54,1
DA:57,1
DA:61,1
DA:64,1
DA:69,1
LF:21
LH:21
BRDA:17,1,0,1
BRDA:17,1,1,1
BRDA:17,2,0,2
BRDA:17,2,1,1
BRF:4
BRH:4
end_of_record
TN:
SF:/Users/Ernesto_S/Desktop/PROJECTS/deliverytracker-master/src/server/server.js
FNF:0
FNH:0
DA:3,2
DA:11,2
DA:12,2
DA:13,2
DA:14,2
DA:17,2
DA:18,1
DA:19,1
DA:20,1
DA:21,1
DA:22,1
DA:23,1
DA:25,1
DA:30,1
DA:31,1
DA:32,1
LF:16
LH:16
BRDA:17,1,0,1
BRDA:17,1,1,1
BRDA:31,2,0,1
BRDA:31,2,1,1
BRF:4
BRH:4
end_of_record
TN:
SF:/Users/Ernesto_S/Desktop/PROJECTS/deliverytracker-master/src/server/controllers/baseController.js
FN:13,(anonymous_1)
FN:21,(anonymous_2)
FN:45,(anonymous_3)
FN:50,(anonymous_4)
FNF:4
FNH:4
FNDA:13,(anonymous_1)
FNDA:11,(anonymous_2)
FNDA:16,(anonymous_3)
FNDA:7,(anonymous_4)
DA:3,13
DA:9,13
DA:14,13
DA:15,1
DA:18,12
DA:23,11
DA:24,11
DA:25,1
DA:30,1
DA:31,1
DA:34,1
DA:37,11
DA:38,1
DA:41,11
DA:42,11
DA:47,16
DA:52,7
DA:54,7
DA:57,4
DA:62,13
LF:20
LH:20
BRDA:14,1,0,1
BRDA:14,1,1,12
BRDA:37,2,0,1
BRDA:37,2,1,10
BRF:4
BRH:4
end_of_record
TN:
SF:/Users/Ernesto_S/Desktop/PROJECTS/deliverytracker-master/src/server/controllers/employeesController.js
FN:8,(anonymous_1)
FN:12,(anonymous_2)
FN:26,(anonymous_3)
FNF:3
FNH:3
FNDA:2,(anonymous_1)
FNDA:2,(anonymous_2)
FNDA:2,(anonymous_3)
DA:3,2
DA:9,2
DA:14,2
DA:16,2
DA:17,2
DA:19,2
DA:22,1
DA:28,2
DA:32,2
LF:9
LH:9
BRF:0
BRH:0
end_of_record
TN:
SF:/Users/Ernesto_S/Desktop/PROJECTS/deliverytracker-master/src/server/controllers/loginController.js
FN:9,(anonymous_1)
FN:13,(anonymous_2)
FNF:2
FNH:2
FNDA:2,(anonymous_1)
FNDA:2,(anonymous_2)
DA:3,2
DA:10,2
DA:15,2
DA:18,2
DA:19,1
DA:20,1
DA:23,1
DA:25,1
DA:28,2
DA:32,2
LF:10
LH:10
BRDA:18,1,0,1
BRDA:18,1,1,1
BRDA:18,2,0,2
BRDA:18,2,1,1
BRF:4
BRH:4
end_of_record
TN:
SF:/Users/Ernesto_S/Desktop/PROJECTS/deliverytracker-master/src/server/controllers/logsController.js
FN:8,(anonymous_1)
FN:12,(anonymous_2)
FNF:2
FNH:2
FNDA:1,(anonymous_1)
FNDA:1,(anonymous_2)
DA:3,1
DA:9,1
DA:14,1
DA:16,1
DA:17,1
DA:19,1
DA:23,1
LF:7
LH:7
BRF:0
BRH:0
end_of_record
TN:
SF:/Users/Ernesto_S/Desktop/PROJECTS/deliverytracker-master/src/server/controllers/notificationsController.js
FN:11,(anonymous_1)
FN:15,(anonymous_2)
FN:42,(anonymous_3)
FNF:3
FNH:3
FNDA:2,(anonymous_1)
FNDA:2,(anonymous_2)
FNDA:1,(anonymous_3)
DA:3,2
DA:12,2
DA:16,2
DA:18,2
DA:21,2
DA:22,1
DA:23,1
DA:24,1
DA:25,1
DA:27,1
DA:30,1
DA:33,1
DA:34,1
DA:38,1
DA:44,1
DA:48,2
LF:16
LH:16
BRDA:21,1,0,1
BRDA:21,1,1,1
BRF:2
BRH:2
end_of_record
TN:
SF:/Users/Ernesto_S/Desktop/PROJECTS/deliverytracker-master/src/server/controllers/responseHelper.js
FNF:0
FNH:0
DA:3,14
DA:5,29
LF:2
LH:2
BRF:0
BRH:0
end_of_record
TN:
SF:/Users/Ernesto_S/Desktop/PROJECTS/deliverytracker-master/src/server/controllers/routesController.js
FN:8,(anonymous_1)
FN:12,(anonymous_2)
FN:26,(anonymous_3)
FNF:3
FNH:3
FNDA:2,(anonymous_1)
FNDA:2,(anonymous_2)
FNDA:2,(anonymous_3)
DA:3,2
DA:9,2
DA:14,2
DA:16,2
DA:17,2
DA:19,2
DA:22,1
DA:28,2
DA:32,2
LF:9
LH:9
BRF:0
BRH:0
end_of_record
TN:
SF:/Users/Ernesto_S/Desktop/PROJECTS/deliverytracker-master/src/server/controllers/usersController.js
FN:9,(anonymous_1)
FN:13,(anonymous_2)
FN:35,(anonymous_3)
FNF:3
FNH:3
FNDA:2,(anonymous_1)
FNDA:2,(anonymous_2)
FNDA:2,(anonymous_3)
DA:3,2
DA:10,2
DA:15,2
DA:17,2
DA:19,2
DA:20,2
DA:22,2
DA:24,2
DA:27,1
DA:31,1
DA:37,2
DA:41,2
LF:12
LH:12
BRF:0
BRH:0
end_of_record
TN:
SF:/Users/Ernesto_S/Desktop/PROJECTS/deliverytracker-master/src/server/models/employeeModel.js
FNF:0
FNH:0
DA:3,1
DA:20,1
LF:2
LH:2
BRF:0
BRH:0
end_of_record
TN:
SF:/Users/Ernesto_S/Desktop/PROJECTS/deliverytracker-master/src/server/models/encryptionModel.js
FNF:0
FNH:0
DA:3,7
DA:9,7
DA:13,3
DA:15,3
DA:16,3
DA:17,1
DA:20,3
DA:21,3
DA:22,1
DA:24,3
DA:34,1
DA:36,1
DA:38,1
DA:40,1
DA:46,3
DA:48,3
DA:49,3
DA:50,1
DA:53,3
LF:19
LH:19
BRDA:16,1,0,1
BRDA:16,1,1,2
BRDA:21,2,0,1
BRDA:21,2,1,2
BRDA:49,3,0,1
BRDA:49,3,1,2
BRF:6
BRH:6
end_of_record
TN:
SF:/Users/Ernesto_S/Desktop/PROJECTS/deliverytracker-master/src/server/models/mailerModel.js
FN:11,(anonymous_1)
FNF:1
FNH:1
FNDA:2,(anonymous_1)
DA:3,1
DA:13,2
DA:22,2
DA:24,2
DA:25,1
DA:28,2
DA:34,1
LF:7
LH:7
BRDA:24,1,0,1
BRDA:24,1,1,1
BRF:2
BRH:2
end_of_record
TN:
SF:/Users/Ernesto_S/Desktop/PROJECTS/deliverytracker-master/src/server/models/notificationModel.js
FNF:0
FNH:0
DA:3,1
DA:20,1
LF:2
LH:2
BRF:0
BRH:0
end_of_record
TN:
SF:/Users/Ernesto_S/Desktop/PROJECTS/deliverytracker-master/src/server/models/routeModel.js
FNF:0
FNH:0
DA:3,1
DA:18,1
LF:2
LH:2
BRF:0
BRH:0
end_of_record
TN:
SF:/Users/Ernesto_S/Desktop/PROJECTS/deliverytracker-master/src/server/models/userModel.js
FN:19,(anonymous_1)
FNF:1
FNH:1
FNDA:5,(anonymous_1)
DA:3,6
DA:19,6
DA:20,5
DA:22,4
DA:23,1
DA:26,3
DA:28,2
DA:31,1
DA:35,1
DA:39,6
LF:10
LH:10
BRDA:22,1,0,1
BRDA:22,1,1,3
BRDA:28,2,0,1
BRDA:28,2,1,1
BRF:4
BRH:4
end_of_record
